INFO 21-07-28 18:50:46 16768: Starting
INFO 21-07-28 18:50:46 16768: Getting region parameters
INFO 21-07-28 18:50:46 16768: Validating Nexus credentials
INFO 21-07-28 18:50:46 16768: Nexus credentials validated
INFO 21-07-28 18:50:46 16768: Validating WhiteSource User Key, API Key and URL
INFO 21-07-28 18:50:46 16768: WhiteSource User Key, API Key and URL validated
INFO 21-07-28 18:50:46 16768: Verifying agent parameters
INFO 21-07-28 18:50:46 16768: WhiteSource agent download complete
INFO 21-07-28 18:50:46 16768: Converting user and password to basic string
INFO 21-07-28 18:50:46 16768: Sending request for retrieving Nexus repository list
INFO 21-07-28 18:51:55 22952: Starting
INFO 21-07-28 18:51:55 22952: Getting region parameters
INFO 21-07-28 18:51:55 22952: Validating Nexus credentials
INFO 21-07-28 18:51:55 22952: Nexus credentials validated
INFO 21-07-28 18:51:55 22952: Validating WhiteSource User Key, API Key and URL
INFO 21-07-28 18:51:55 22952: WhiteSource User Key, API Key and URL validated
INFO 21-07-28 18:51:55 22952: Verifying agent parameters
INFO 21-07-28 18:51:55 22952: WhiteSource agent download complete
INFO 21-07-28 18:51:55 22952: Converting user and password to basic string
INFO 21-07-28 18:51:55 22952: Sending request for retrieving Nexus repository list
INFO 21-07-28 18:52:28 22952: Nexus Version: 3.26
INFO 21-07-28 18:53:32 29488: Starting
INFO 21-07-28 18:53:32 29488: Getting region parameters
INFO 21-07-28 18:53:32 29488: Validating Nexus credentials
INFO 21-07-28 18:53:32 29488: Nexus credentials validated
INFO 21-07-28 18:53:32 29488: Validating WhiteSource User Key, API Key and URL
INFO 21-07-28 18:53:32 29488: WhiteSource User Key, API Key and URL validated
INFO 21-07-28 18:53:32 29488: Verifying agent parameters
INFO 21-07-28 18:53:32 29488: WhiteSource agent download complete
INFO 21-07-28 18:53:32 29488: Converting user and password to basic string
INFO 21-07-28 18:53:32 29488: Sending request for retrieving Nexus repository list
INFO 21-07-28 18:54:07 29488: {'Date': 'Wed, 28 Jul 2021 15:53:32 GMT', 'Server': 'Nexus/3.23.0-03 (OSS)', 'X-Content-Type-Options': 'nosniff', 'Content-Type': 'application/json', 'Content-Length': '1447'}
